P5_02_code/Todoc/app/build/outputs/mapping/release/seeds.txt
com.cleanup.todoc.database.dao.classeDatabase.TodocDatabase_Impl: TodocDatabase_Impl()
com.cleanup.todoc.model.SortMethod: com.cleanup.todoc.model.SortMethod valueOf(java.lang.String)
com.cleanup.todoc.ui.MainActivity_ViewBinding: MainActivity_ViewBinding(com.cleanup.todoc.ui.MainActivity,android.view.View)
com.cleanup.todoc.ui.MainActivity_ViewBinding
com.cleanup.todoc.database.dao.classeDatabase.TodocDatabase
com.cleanup.todoc.ViewModel.TaskViewModel
com.cleanup.todoc.model.SortMethod: com.cleanup.todoc.model.SortMethod[] values()
com.cleanup.todoc.ui.MainActivity
com.cleanup.todoc.database.dao.classeDatabase.TodocDatabase: TodocDatabase()
com.cleanup.todoc.ui.MainActivity: MainActivity()
com.cleanup.todoc.database.dao.classeDatabase.TodocDatabase_Impl
...
android.support.v7.appcompat.R$id: int start
android.support.v7.widget.AppCompatSpinner: android.content.res.ColorStateList getSupportBackgroundTintList()
android.support.v7.appcompat.R$attr: int listPopupWindowStyle
android.support.design.R$id: int parentPanel
android.support.graphics.drawable.VectorDrawableCompat$VFullPath: float getTrimPathStart()
android.support.design.R$styleable: int NavigationView_android_fitsSystemWindows
android.support.transition.R$id: int tag_unhandled_key_listeners
android.support.design.bottomappbar.BottomAppBar: float getFabTranslationX()
android.support.design.R$styleable: int TextInputLayout_passwordToggleEnabled
android.support.v7.appcompat.R$styleable: int DrawerArrowToggle_gapBetweenBars
android.support.v7.recyclerview.R$styleable: int[] RecyclerView
android.support.design.internal.NavigationMenuItemView: void setTextColor(android.content.res.ColorStateList)
android.support.design.widget.AppBarLayout$BaseBehavior: AppBarLayout$BaseBehavior()
android.support.v7.widget.SearchView: void setImeOptions(int)
android.support.v7.appcompat.R$styleable: int AppCompatTheme_controlBackground
android.support.design.R$attr: int activityChooserViewStyle
android.support.design.R$attr: int tabIconTint
android.support.design.R$styleable: int MenuItem_android_titleCondensed
android.support.design.R$styleable: int SnackbarLayout_android_maxWidth
android.support.design.R$dimen: int design_snackbar_max_width
android.support.v7.appcompat.R$color: int switch_thumb_normal_material_light
android.support.v7.recyclerview.R$dimen: int notification_subtext_size
android.support.design.R$id: int select_dialog_listview
android.support.design.R$styleable: int AppCompatImageView_android_src
android.support.design.R$styleable: int[] CollapsingToolbarLayout_Layout
android.support.design.R$styleable: int BottomNavigationView_labelVisibilityMode
android.support.design.R$layout: int abc_list_menu_item_radio
android.support.design.R$dimen: int compat_control_corner_material
android.support.design.R$style: int Base_Widget_AppCompat_ListMenuView
android.support.design.R$styleable: int TabLayout_tabGravity
android.support.v7.widget.AppCompatRadioButton
android.support.v7.appcompat.R$styleable: int[] View
android.support.design.R$color: int design_error
android.support.design.widget.CoordinatorLayout: void setFitsSystemWindows(boolean)
android.support.v7.appcompat.R$style: int Base_Widget_AppCompat_Light_ActionBar_TabBar
android.support.design.R$attr: int titleMarginStart
android.support.v7.appcompat.R$styleable: int AppCompatTheme_listPreferredItemHeightSmall
android.support.design.R$attr: int divider
android.support.v7.appcompat.R$styleable: int ActionBar_titleTextStyle
android.support.v7.appcompat.R$styleable: int AppCompatTheme_actionOverflowButtonStyle
android.support.design.R$id: int notification_main_column_container
android.support.coordinatorlayout.R$styleable: int FontFamilyFont_fontVariationSettings
android.support.design.R$attr: int isLightTheme
android.support.v7.appcompat.R$drawable: int abc_list_longpressed_holo
android.support.design.button.MaterialButton: android.content.res.ColorStateList getBackgroundTintList()
android.support.design.R$styleable: int AppCompatTextView_autoSizeMinTextSize
android.support.v7.appcompat.R$string: int abc_menu_delete_shortcut_label
android.support.v7.appcompat.R$color: int highlighted_text_material_light
android.support.design.widget.FloatingActionButton: void setCompatElevationResource(int)
android.support.v7.widget.ContentFrameLayout: android.util.TypedValue getFixedHeightMajor()
android.support.design.R$styleable: int MaterialComponentsTheme_textAppearanceHeadline6
android.support.v7.appcompat.R$attr: int buttonTint
android.support.design.R$styleable: int MenuView_android_windowAnimationStyle
android.support.design.R$dimen: int abc_action_bar_content_inset_material
android.support.design.bottomappbar.BottomAppBar$Behavior