P5_02_code/Todoc/app/build/outputs/mapping/release/mapping.txt
# compiler: R8
# compiler_version: 1.6.82
# min_api: 21
# pg_map_id: eb0d6fa
# common_typos_disable
com.cleanup.todoc.ViewModel.-$$Lambda$TaskViewModel$-7Un8GHx55-F36NpqNmWiw7HqxI -> d.b.a.a.a:
    com.cleanup.todoc.ViewModel.TaskViewModel f$0 -> b
    long f$1 -> c
com.cleanup.todoc.ViewModel.-$$Lambda$TaskViewModel$4iPvWdDz3iRNeXQuD6NZG_HxcLI -> d.b.a.a.b:
    com.cleanup.todoc.ViewModel.TaskViewModel f$0 -> b
    com.cleanup.todoc.model.Task f$1 -> c
com.cleanup.todoc.ViewModel.TaskViewModel -> com.cleanup.todoc.ViewModel.TaskViewModel:
    com.cleanup.todoc.repositories.ProjectDataRepository mProjectDataRepository -> a
    android.arch.lifecycle.LiveData projects -> d
    com.cleanup.todoc.repositories.TaskDataRepository mTaskDataRepository -> b
    java.util.concurrent.Executor mExecutor -> c
    android.arch.lifecycle.MutableLiveData sorts -> e
    1:1:void com.cleanup.todoc.repositories.TaskDataRepository.createTask(com.cleanup.todoc.model.Task):0:0 -> a
    1:1:void lambda$createTask$0(com.cleanup.todoc.model.Task):0 -> a
    2:2:long com.cleanup.todoc.database.dao.TaskDao_Impl.insertTask(com.cleanup.todoc.model.Task):0:0 -> a
    2:2:void com.cleanup.todoc.repositories.TaskDataRepository.createTask(com.cleanup.todoc.model.Task):0 -> a
    2:2:void lambda$createTask$0(com.cleanup.todoc.model.Task):0 -> a
    3:3:long android.arch.persistence.room.EntityInsertionAdapter.insertAndReturnId(java.lang.Object):0:0 -> a
    3:3:long com.cleanup.todoc.database.dao.TaskDao_Impl.insertTask(com.cleanup.todoc.model.Task):0 -> a
    3:3:void com.cleanup.todoc.repositories.TaskDataRepository.createTask(com.cleanup.todoc.model.Task):0 -> a
    3:3:void lambda$createTask$0(com.cleanup.todoc.model.Task):0 -> a
    4:4:long android.arch.persistence.db.framework.FrameworkSQLiteStatement.executeInsert():0:0 -> a
    4:4:long android.arch.persistence.room.EntityInsertionAdapter.insertAndReturnId(java.lang.Object):0 -> a
com.cleanup.todoc.database.dao.ProjectDao -> d.b.a.b.a.a:
com.cleanup.todoc.database.dao.ProjectDao_Impl -> d.b.a.b.a.b:
    android.arch.persistence.room.RoomDatabase __db -> a
com.cleanup.todoc.database.dao.ProjectDao_Impl$1 -> d.b.a.b.a.b$a:
    1:1:long com.cleanup.todoc.model.Project.getId():0:0 -> a
    1:1:void bind(android.arch.persistence.db.SupportSQLiteStatement,com.cleanup.todoc.model.Project):0 -> a
    1:1:void bind(android.arch.persistence.db.SupportSQLiteStatement,java.lang.Object):0 -> a
    2:2:void android.arch.persistence.db.framework.FrameworkSQLiteProgram.bindLong(int,long):0:0 -> a
    2:2:void bind(android.arch.persistence.db.SupportSQLiteStatement,com.cleanup.todoc.model.Project):0 -> a
    2:2:void bind(android.arch.persistence.db.SupportSQLiteStatement,java.lang.Object):0 -> a
    3:3:java.lang.String com.cleanup.todoc.model.Project.getName():0:0 -> a
    3:3:void bind(android.arch.persistence.db.SupportSQLiteStatement,com.cleanup.todoc.model.Project):0 -> a
    3:3:void bind(android.arch.persistence.db.SupportSQLiteStatement,java.lang.Object):0 -> a
    4:4:void android.arch.persistence.db.framework.FrameworkSQLiteProgram.bindNull(int):0:0 -> a
    4:4:void bind(android.arch.persistence.db.SupportSQLiteStatement,com.cleanup.todoc.model.Project):0 -> a
    4:4:void bind(android.arch.persistence.db.SupportSQLiteStatement,java.lang.Object):0 -> a
    5:5:void android.arch.persistence.db.framework.FrameworkSQLiteProgram.bindString(int,java.lang.String):0:0 -> a
    5:5:void bind(android.arch.persistence.db.SupportSQLiteStatement,com.cleanup.todoc.model.Project):0 -> a
...
android.support.v7.widget.MenuItemHoverListener -> a.b.g.g.a1:
    void onItemHoverEnter(android.support.v7.view.menu.MenuBuilder,android.view.MenuItem) -> a
    void onItemHoverExit(android.support.v7.view.menu.MenuBuilder,android.view.MenuItem) -> b
android.support.v7.widget.MenuPopupWindow -> a.b.g.g.b1:
    java.lang.reflect.Method sSetTouchModalMethod -> H
    android.support.v7.widget.MenuItemHoverListener mHoverListener -> G
    android.support.v7.widget.DropDownListView createDropDownListView(android.content.Context,boolean) -> a
    void onItemHoverEnter(android.support.v7.view.menu.MenuBuilder,android.view.MenuItem) -> a
    void onItemHoverExit(android.support.v7.view.menu.MenuBuilder,android.view.MenuItem) -> b
android.support.v7.widget.MenuPopupWindow$MenuDropDownListView -> a.b.g.g.b1$a:
    android.support.v7.widget.MenuItemHoverListener mHoverListener -> r
    android.view.MenuItem mHoveredMenuItem -> s
    int mAdvanceKey -> p
    int mRetreatKey -> q
    1:1:android.support.v7.view.menu.MenuBuilder android.support.v7.view.menu.MenuAdapter.getAdapterMenu():0:0 -> onHoverEvent
    1:1:boolean onHoverEvent(android.view.MotionEvent):0 -> onHoverEvent
    2:2:boolean onHoverEvent(android.view.MotionEvent):0:0 -> onHoverEvent
    1:1:android.support.v7.view.menu.MenuBuilder android.support.v7.view.menu.MenuAdapter.getAdapterMenu():0:0 -> onKeyDown
    1:1:boolean onKeyDown(int,android.view.KeyEvent):0 -> onKeyDown
    2:2:boolean onKeyDown(int,android.view.KeyEvent):0:0 -> onKeyDown
android.support.v7.widget.OpReorderer -> a.b.g.g.c1:
    android.support.v7.widget.OpReorderer$Callback mCallback -> a
android.support.v7.widget.OpReorderer$Callback -> a.b.g.g.c1$a:
android.support.v7.widget.OrientationHelper -> a.b.g.g.f1:
    android.support.v7.widget.RecyclerView$LayoutManager mLayoutManager -> a
    int mLastTotalSpace -> b
    android.graphics.Rect mTmpRect -> c
    1:1:void <init>(android.support.v7.widget.RecyclerView$LayoutManager):0:0 -> <init>
    1:1:void <init>(android.support.v7.widget.RecyclerView$LayoutManager,android.support.v7.widget.OrientationHelper$1):0 -> <init>
    1:1:android.support.v7.widget.OrientationHelper createVerticalHelper(android.support.v7.widget.RecyclerView$LayoutManager):0:0 -> a
    1:1:android.support.v7.widget.OrientationHelper createOrientationHelper(android.support.v7.widget.RecyclerView$LayoutManager,int):0 -> a
    2:2:android.support.v7.widget.OrientationHelper createOrientationHelper(android.support.v7.widget.RecyclerView$LayoutManager,int):0:0 -> a
    3:3:android.support.v7.widget.OrientationHelper createHorizontalHelper(android.support.v7.widget.RecyclerView$LayoutManager):0:0 -> a
    3:3:android.support.v7.widget.OrientationHelper createOrientationHelper(android.support.v7.widget.RecyclerView$LayoutManager,int):0 -> a
    int getDecoratedEnd(android.view.View) -> a
    int getEnd() -> a
    void offsetChildren(int) -> a
    int getDecoratedMeasurement(android.view.View) -> b
    int getEndAfterPadding() -> b
    int getDecoratedMeasurementInOther(android.view.View) -> c
    int getEndPadding() -> c
    int getDecoratedStart(android.view.View) -> d
    int getMode() -> d