P5_02_code/Todoc/app/build/outputs/mapping/release/usage.txt
com.cleanup.todoc.database.dao.TaskDao_Impl$2:
    public void bind(android.arch.persistence.db.SupportSQLiteStatement,com.cleanup.todoc.model.Task)
    public synthetic bridge void bind(android.arch.persistence.db.SupportSQLiteStatement,java.lang.Object)
com.cleanup.todoc.ViewModel.TaskViewModel:
    private synthetic void lambda$updateTask$2(com.cleanup.todoc.model.Task)
    public android.arch.lifecycle.LiveData getTask(long)
    public void updateTask(com.cleanup.todoc.model.Task)
com.cleanup.todoc.database.dao.classeDatabase.TodocDatabase_Impl:
    public void clearAllTables()
com.cleanup.todoc.R$layout
com.cleanup.todoc.R$id
com.cleanup.todoc.BuildConfig
com.cleanup.todoc.R$string
com.cleanup.todoc.R
com.cleanup.todoc.R$drawable
com.cleanup.todoc.R$menu
com.cleanup.todoc.ui.MainActivity_ViewBinding:
    public void <init>(com.cleanup.todoc.ui.MainActivity)
    public void unbind()
com.cleanup.todoc.database.dao.ProjectDao:
    public abstract void createProject(com.cleanup.todoc.model.Project)
    public abstract android.arch.lifecycle.LiveData getProject(long)
com.cleanup.todoc.R$mipmap
com.cleanup.todoc.injections.Injection:
    public void <init>()
com.cleanup.todoc.R$bool
com.cleanup.todoc.database.dao.TaskDao_Impl$4$1
com.cleanup.todoc.R$interpolator
com.cleanup.todoc.model.Task:
    public void <init>(long,long,java.lang.String,long)
    private void setProjectId(long)
    private void setCreationTimestamp(long)
    public void setName(java.lang.String)
    public com.cleanup.todoc.model.Project getProject()
com.cleanup.todoc.R$styleable
com.cleanup.todoc.database.dao.TaskDao_Impl:
    public int updateTask(com.cleanup.todoc.model.Task)
    public android.arch.lifecycle.LiveData getTask(long)
com.cleanup.todoc.R$style
com.cleanup.todoc.database.dao.ProjectDao_Impl$3$1
com.cleanup.todoc.database.dao.ProjectDao_Impl:
    public void createProject(com.cleanup.todoc.model.Project)
    public android.arch.lifecycle.LiveData getProject(long)
com.cleanup.todoc.repositories.ProjectDataRepository:
    public android.arch.lifecycle.LiveData getProject(long)
com.cleanup.todoc.repositories.TaskDataRepository:
    public android.arch.lifecycle.LiveData getTask(long)
    public void updateTask(com.cleanup.todoc.model.Task)
com.cleanup.todoc.R$integer
com.cleanup.todoc.database.dao.TaskDao_Impl$4
com.cleanup.todoc.R$dimen
com.cleanup.todoc.R$attr
com.cleanup.todoc.model.Project:
    public static com.cleanup.todoc.model.Project getProjectById(long)
    public void setName(java.lang.String)
    public void setColor(int)
com.cleanup.todoc.R$color
com.cleanup.todoc.utils.Utils:
    public void <init>()
com.cleanup.todoc.database.dao.TaskDao:
    public abstract android.arch.lifecycle.LiveData getTask(long)
    public abstract int updateTask(com.cleanup.todoc.model.Task)
com.cleanup.todoc.R$anim
com.cleanup.todoc.R$animator
com.cleanup.todoc.database.dao.ProjectDao_Impl$3
com.cleanup.todoc.database.dao.TaskDao_Impl$2:
    public final synthetic com.cleanup.todoc.database.dao.TaskDao_Impl this$0
com.cleanup.todoc.ViewModel.TaskViewModel:
    public void init()
    public android.arch.lifecycle.LiveData getAllTask()
    public void createTask(com.cleanup.todoc.model.Task)
    public void deleteTask(long)
    public android.arch.lifecycle.LiveData getAllProjects()
    public android.arch.lifecycle.LiveData updateSortMethod(com.cleanup.todoc.model.SortMethod)
    public com.cleanup.todoc.model.SortMethod getSort()
...
android.support.v4.hardware.fingerprint.FingerprintManagerCompat
android.support.v4.app.NotificationCompat$DecoratedCustomViewStyle
android.support.v4.app.AppOpsManagerCompat:
    private void <init>()
    public static int noteOp(android.content.Context,java.lang.String,int,java.lang.String)
    public static int noteOpNoThrow(android.content.Context,java.lang.String,int,java.lang.String)
    public static int noteProxyOp(android.content.Context,java.lang.String,java.lang.String)
    public static final int MODE_ALLOWED
    public static final int MODE_IGNORED
    public static final int MODE_ERRORED
    public static final int MODE_DEFAULT
android.support.design.internal.NavigationMenuPresenter$HeaderViewHolder
butterknife.OnTouch:
    public abstract int[] value()
android.support.annotation.AnyRes
android.arch.lifecycle.ServiceLifecycleDispatcher$DispatchRunnable
android.support.v7.viewpager.R$string
android.support.transition.R$id:
    private void <init>()
android.support.v7.widget.RecyclerView$RecyclerViewDataObserver:
    public void onItemRangeChanged(int,int,java.lang.Object)
    public void onItemRangeInserted(int,int)
    public void onItemRangeRemoved(int,int)
    public void onItemRangeMoved(int,int,int)
    void triggerUpdateProcessor()
android.arch.persistence.room.InvalidationTracker:
    public void refreshVersionsSync()
    private static final java.lang.String UPDATE_TABLE_NAME
    private static final java.lang.String VERSION_COLUMN_NAME
    private static final java.lang.String TABLE_ID_COLUMN_NAME
    private static final java.lang.String CREATE_VERSION_TABLE_SQL
    static final java.lang.String CLEANUP_SQL
    static final java.lang.String SELECT_UPDATED_TABLES_SQL
android.support.v4.print.PrintHelper$PrintUriAdapter$1
android.support.v7.app.ActionBar$OnNavigationListener
android.support.v4.content.AsyncTaskLoader$LoadTask
android.support.coordinatorlayout.R
android.support.v7.cardview.R$dimen
android.support.v4.text.HtmlCompat
android.arch.persistence.db.SupportSQLiteQueryBuilder
butterknife.internal.DebouncingOnClickListener
android.support.v4.widget.TextViewCompat$AutoSizeTextType
android.support.v4.app.ListFragment$2
android.support.annotation.RequiresPermission$Read
android.support.design.transformation.TransformationChildCard:
    public void <init>(android.content.Context)
    public void <init>(android.content.Context,android.util.AttributeSet)
android.support.v7.recyclerview.extensions.AsyncListDiffer
android.support.design.internal.BottomNavigationMenu
android.support.design.chip.Chip$ChipTouchHelper
android.support.v4.app.LoaderManagerImpl:
    private android.support.v4.content.Loader createAndInstallLoader(int,android.os.Bundle,android.support.v4.app.LoaderManager$LoaderCallbacks,android.support.v4.content.Loader)
    public android.support.v4.content.Loader initLoader(int,android.os.Bundle,android.support.v4.app.LoaderManager$LoaderCallbacks)
    public android.support.v4.content.Loader restartLoader(int,android.os.Bundle,android.support.v4.app.LoaderManager$LoaderCallbacks)
    public void destroyLoader(int)
    public android.support.v4.content.Loader getLoader(int)
    public boolean hasRunningLoaders()
    static final java.lang.String TAG
android.support.annotation.StringRes
android.support.v4.content.WakefulBroadcastReceiver
android.support.v4.graphics.BitmapCompat
android.support.transition.ChangeTransform$GhostListener
android.support.v7.widget.ChildHelper:
    private static final boolean DEBUG
    private static final java.lang.String TAG
android.support.v4.view.ViewPager$2
android.support.design.widget.BottomSheetDialog$3
android.arch.persistence.db.R
android.support.design.widget.BaseTransientBottomBar$BaseCallback
android.support.v7.app.AlertController$ButtonHandler:
    private static final int MSG_DISMISS_DIALOG
android.arch.lifecycle.extensions.R
android.support.v7.widget.ActivityChooserModel$HistoricalRecord
android.support.v7.widget.PopupMenu$1